<?xml version="1.0" encoding="UTF-8"?>
<!-- Generated by org.testng.reporters.JUnitXMLReporter -->
<testsuite ignored="0" hostname="DESKTOP-E37IPE6" failures="2" tests="3" name="Banking App" time="102.082" errors="0" timestamp="2023-06-20T12:55:14 MDT">
  <testcase classname="com.inetBanking.testCases.TC_LoginDDT_002" name="loginDDT" time="73.613"/>
  <testcase classname="com.inetBanking.testCases.TC_LoginDDT_002" name="loginDDT" time="10.023">
    <failure type="java.lang.AssertionError">
      <![CDATA[java.lang.AssertionError
at org.junit.Assert.fail(Assert.java:86)
at org.junit.Assert.assertTrue(Assert.java:41)
at org.junit.Assert.assertTrue(Assert.java:52)
at com.inetBanking.testCases.TC_LoginDDT_002.loginDDT(TC_LoginDDT_002.java:31)
at java.base/java.util.ArrayList.forEach(ArrayList.java:1511)
... Removed 25 stack frames]]>
    </failure>
  </testcase> <!-- loginDDT -->
  <testcase classname="com.inetBanking.testCases.TC_LoginDDT_002" name="loginDDT" time="11.364">
    <failure type="java.lang.AssertionError">
      <![CDATA[java.lang.AssertionError
at org.junit.Assert.fail(Assert.java:86)
at org.junit.Assert.assertTrue(Assert.java:41)
at org.junit.Assert.assertTrue(Assert.java:52)
at com.inetBanking.testCases.TC_LoginDDT_002.loginDDT(TC_LoginDDT_002.java:31)
at java.base/java.util.ArrayList.forEach(ArrayList.java:1511)
... Removed 25 stack frames]]>
    </failure>
  </testcase> <!-- loginDDT -->
</testsuite> <!-- Banking App -->
